1707026971.060084 client started (28088): version 3.2a, socket /tmp/tmux-1000/default, protocol 8
1707026971.060171 on Linux 4.4.0-19041-Microsoft #3636-Microsoft Thu Oct 19 17:41:00 PST 2023
1707026971.060203 using libevent 2.1.12-stable (poll); ncurses 6.3
1707026971.060249 flags are 0x18010000
1707026971.060267 socket is /tmp/tmux-1000/default
1707026971.060296 trying connect
1707026971.060745 connect failed: Connection refused
1707026971.060779 lock file is /tmp/tmux-1000/default.lock
1707026971.061352 flock succeeded
1707026971.061368 got lock (6)
1707026971.061381 trying connect
1707026971.061397 connect failed: Connection refused
1707026971.064211 add peer 0x7fffc348ec20: 7 ((nil))
1707026971.065491 sending message 100 to peer 0x7fffc348ec20 (4 bytes)
1707026971.065513 sending message 111 to peer 0x7fffc348ec20 (8 bytes)
1707026971.065524 sending message 101 to peer 0x7fffc348ec20 (15 bytes)
1707026971.065533 sending message 109 to peer 0x7fffc348ec20 (4 bytes)
1707026971.065541 sending message 102 to peer 0x7fffc348ec20 (10 bytes)
1707026971.065550 sending message 108 to peer 0x7fffc348ec20 (45 bytes)
1707026971.065559 sending message 112 to peer 0x7fffc348ec20 (58 bytes)
1707026971.065568 sending message 112 to peer 0x7fffc348ec20 (5 bytes)
1707026971.065576 sending message 112 to peer 0x7fffc348ec20 (5 bytes)
1707026971.065585 sending message 112 to peer 0x7fffc348ec20 (6 bytes)
1707026971.065594 sending message 112 to peer 0x7fffc348ec20 (6 bytes)
1707026971.065602 sending message 112 to peer 0x7fffc348ec20 (11 bytes)
1707026971.065611 sending message 112 to peer 0x7fffc348ec20 (10 bytes)
1707026971.065620 sending message 112 to peer 0x7fffc348ec20 (13 bytes)
1707026971.065628 sending message 112 to peer 0x7fffc348ec20 (14 bytes)
1707026971.065637 sending message 112 to peer 0x7fffc348ec20 (19 bytes)
1707026971.065645 sending message 112 to peer 0x7fffc348ec20 (11 bytes)
1707026971.065654 sending message 112 to peer 0x7fffc348ec20 (10 bytes)
1707026971.065662 sending message 112 to peer 0x7fffc348ec20 (15 bytes)
1707026971.065671 sending message 112 to peer 0x7fffc348ec20 (21 bytes)
1707026971.065680 sending message 112 to peer 0x7fffc348ec20 (13 bytes)
1707026971.065688 sending message 112 to peer 0x7fffc348ec20 (7 bytes)
1707026971.065697 sending message 112 to peer 0x7fffc348ec20 (13 bytes)
1707026971.065706 sending message 112 to peer 0x7fffc348ec20 (7 bytes)
1707026971.065714 sending message 112 to peer 0x7fffc348ec20 (13 bytes)
1707026971.065723 sending message 112 to peer 0x7fffc348ec20 (9 bytes)
1707026971.065732 sending message 112 to peer 0x7fffc348ec20 (21 bytes)
1707026971.065740 sending message 112 to peer 0x7fffc348ec20 (13 bytes)
1707026971.065749 sending message 112 to peer 0x7fffc348ec20 (9 bytes)
1707026971.065758 sending message 112 to peer 0x7fffc348ec20 (16 bytes)
1707026971.065766 sending message 112 to peer 0x7fffc348ec20 (13 bytes)
1707026971.065775 sending message 112 to peer 0x7fffc348ec20 (9 bytes)
1707026971.065783 sending message 112 to peer 0x7fffc348ec20 (9 bytes)
1707026971.065792 sending message 112 to peer 0x7fffc348ec20 (12 bytes)
1707026971.065800 sending message 112 to peer 0x7fffc348ec20 (8 bytes)
1707026971.065809 sending message 112 to peer 0x7fffc348ec20 (8 bytes)
1707026971.065817 sending message 112 to peer 0x7fffc348ec20 (13 bytes)
1707026971.065826 sending message 112 to peer 0x7fffc348ec20 (7 bytes)
1707026971.065834 sending message 112 to peer 0x7fffc348ec20 (7 bytes)
1707026971.065843 sending message 112 to peer 0x7fffc348ec20 (9 bytes)
1707026971.065851 sending message 112 to peer 0x7fffc348ec20 (9 bytes)
1707026971.065860 sending message 112 to peer 0x7fffc348ec20 (15 bytes)
1707026971.065868 sending message 112 to peer 0x7fffc348ec20 (13 bytes)
1707026971.065877 sending message 112 to peer 0x7fffc348ec20 (12 bytes)
1707026971.065886 sending message 112 to peer 0x7fffc348ec20 (8 bytes)
1707026971.065894 sending message 112 to peer 0x7fffc348ec20 (14 bytes)
1707026971.065903 sending message 112 to peer 0x7fffc348ec20 (11 bytes)
1707026971.065911 sending message 112 to peer 0x7fffc348ec20 (9 bytes)
1707026971.065957 sending message 112 to peer 0x7fffc348ec20 (10 bytes)
1707026971.065969 sending message 112 to peer 0x7fffc348ec20 (10 bytes)
1707026971.065978 sending message 112 to peer 0x7fffc348ec20 (10 bytes)
1707026971.065987 sending message 112 to peer 0x7fffc348ec20 (10 bytes)
1707026971.065995 sending message 112 to peer 0x7fffc348ec20 (11 bytes)
1707026971.066004 sending message 112 to peer 0x7fffc348ec20 (12 bytes)
1707026971.066012 sending message 112 to peer 0x7fffc348ec20 (12 bytes)
1707026971.066021 sending message 112 to peer 0x7fffc348ec20 (12 bytes)
1707026971.066030 sending message 112 to peer 0x7fffc348ec20 (12 bytes)
1707026971.066038 sending message 112 to peer 0x7fffc348ec20 (12 bytes)
1707026971.066047 sending message 112 to peer 0x7fffc348ec20 (11 bytes)
1707026971.066055 sending message 112 to peer 0x7fffc348ec20 (11 bytes)
1707026971.066064 sending message 112 to peer 0x7fffc348ec20 (12 bytes)
1707026971.066072 sending message 112 to peer 0x7fffc348ec20 (12 bytes)
1707026971.066081 sending message 112 to peer 0x7fffc348ec20 (12 bytes)
1707026971.066089 sending message 112 to peer 0x7fffc348ec20 (12 bytes)
1707026971.066098 sending message 112 to peer 0x7fffc348ec20 (12 bytes)
1707026971.066106 sending message 112 to peer 0x7fffc348ec20 (9 bytes)
1707026971.066115 sending message 112 to peer 0x7fffc348ec20 (12 bytes)
1707026971.066123 sending message 112 to peer 0x7fffc348ec20 (13 bytes)
1707026971.066132 sending message 112 to peer 0x7fffc348ec20 (13 bytes)
1707026971.066141 sending message 112 to peer 0x7fffc348ec20 (13 bytes)
1707026971.066149 sending message 112 to peer 0x7fffc348ec20 (13 bytes)
1707026971.066158 sending message 112 to peer 0x7fffc348ec20 (13 bytes)
1707026971.066167 sending message 112 to peer 0x7fffc348ec20 (8 bytes)
1707026971.066175 sending message 112 to peer 0x7fffc348ec20 (11 bytes)
1707026971.066184 sending message 112 to peer 0x7fffc348ec20 (11 bytes)
1707026971.066192 sending message 112 to peer 0x7fffc348ec20 (11 bytes)
1707026971.066201 sending message 112 to peer 0x7fffc348ec20 (12 bytes)
1707026971.066209 sending message 112 to peer 0x7fffc348ec20 (12 bytes)
1707026971.066218 sending message 112 to peer 0x7fffc348ec20 (12 bytes)
1707026971.066227 sending message 112 to peer 0x7fffc348ec20 (12 bytes)
1707026971.066235 sending message 112 to peer 0x7fffc348ec20 (13 bytes)
1707026971.066244 sending message 112 to peer 0x7fffc348ec20 (13 bytes)
1707026971.066253 sending message 112 to peer 0x7fffc348ec20 (13 bytes)
1707026971.066261 sending message 112 to peer 0x7fffc348ec20 (8 bytes)
1707026971.066270 sending message 112 to peer 0x7fffc348ec20 (13 bytes)
1707026971.066278 sending message 112 to peer 0x7fffc348ec20 (13 bytes)
1707026971.066287 sending message 112 to peer 0x7fffc348ec20 (13 bytes)
1707026971.066295 sending message 112 to peer 0x7fffc348ec20 (13 bytes)
1707026971.066304 sending message 112 to peer 0x7fffc348ec20 (13 bytes)
1707026971.066312 sending message 112 to peer 0x7fffc348ec20 (12 bytes)
1707026971.066321 sending message 112 to peer 0x7fffc348ec20 (12 bytes)
1707026971.066329 sending message 112 to peer 0x7fffc348ec20 (12 bytes)
1707026971.066338 sending message 112 to peer 0x7fffc348ec20 (12 bytes)
1707026971.066347 sending message 112 to peer 0x7fffc348ec20 (13 bytes)
1707026971.066355 sending message 112 to peer 0x7fffc348ec20 (8 bytes)
1707026971.066364 sending message 112 to peer 0x7fffc348ec20 (13 bytes)
1707026971.066372 sending message 112 to peer 0x7fffc348ec20 (13 bytes)
1707026971.066381 sending message 112 to peer 0x7fffc348ec20 (13 bytes)
1707026971.066389 sending message 112 to peer 0x7fffc348ec20 (13 bytes)
1707026971.066398 sending message 112 to peer 0x7fffc348ec20 (13 bytes)
1707026971.066407 sending message 112 to peer 0x7fffc348ec20 (13 bytes)
1707026971.066415 sending message 112 to peer 0x7fffc348ec20 (13 bytes)
1707026971.066424 sending message 112 to peer 0x7fffc348ec20 (12 bytes)
1707026971.066433 sending message 112 to peer 0x7fffc348ec20 (12 bytes)
1707026971.066441 sending message 112 to peer 0x7fffc348ec20 (12 bytes)
1707026971.066475 sending message 112 to peer 0x7fffc348ec20 (8 bytes)
1707026971.066486 sending message 112 to peer 0x7fffc348ec20 (12 bytes)
1707026971.066495 sending message 112 to peer 0x7fffc348ec20 (13 bytes)
1707026971.066503 sending message 112 to peer 0x7fffc348ec20 (13 bytes)
1707026971.066512 sending message 112 to peer 0x7fffc348ec20 (13 bytes)
1707026971.066521 sending message 112 to peer 0x7fffc348ec20 (13 bytes)
1707026971.066529 sending message 112 to peer 0x7fffc348ec20 (13 bytes)
1707026971.066538 sending message 112 to peer 0x7fffc348ec20 (13 bytes)
1707026971.066546 sending message 112 to peer 0x7fffc348ec20 (13 bytes)
1707026971.066555 sending message 112 to peer 0x7fffc348ec20 (13 bytes)
1707026971.066563 sending message 112 to peer 0x7fffc348ec20 (12 bytes)
1707026971.066572 sending message 112 to peer 0x7fffc348ec20 (10 bytes)
1707026971.066580 sending message 112 to peer 0x7fffc348ec20 (12 bytes)
1707026971.066588 sending message 112 to peer 0x7fffc348ec20 (12 bytes)
1707026971.066597 sending message 112 to peer 0x7fffc348ec20 (12 bytes)
1707026971.066605 sending message 112 to peer 0x7fffc348ec20 (13 bytes)
1707026971.066614 sending message 112 to peer 0x7fffc348ec20 (13 bytes)
1707026971.066622 sending message 112 to peer 0x7fffc348ec20 (13 bytes)
1707026971.066631 sending message 112 to peer 0x7fffc348ec20 (13 bytes)
1707026971.066639 sending message 112 to peer 0x7fffc348ec20 (13 bytes)
1707026971.066648 sending message 112 to peer 0x7fffc348ec20 (13 bytes)
1707026971.066657 sending message 112 to peer 0x7fffc348ec20 (13 bytes)
1707026971.066665 sending message 112 to peer 0x7fffc348ec20 (10 bytes)
1707026971.066674 sending message 112 to peer 0x7fffc348ec20 (13 bytes)
1707026971.066682 sending message 112 to peer 0x7fffc348ec20 (12 bytes)
1707026971.066691 sending message 112 to peer 0x7fffc348ec20 (12 bytes)
1707026971.066700 sending message 112 to peer 0x7fffc348ec20 (12 bytes)
1707026971.066708 sending message 112 to peer 0x7fffc348ec20 (10 bytes)
1707026971.066717 sending message 112 to peer 0x7fffc348ec20 (10 bytes)
1707026971.066725 sending message 112 to peer 0x7fffc348ec20 (10 bytes)
1707026971.066734 sending message 112 to peer 0x7fffc348ec20 (12 bytes)
1707026971.066742 sending message 112 to peer 0x7fffc348ec20 (13 bytes)
1707026971.066751 sending message 112 to peer 0x7fffc348ec20 (13 bytes)
1707026971.066759 sending message 112 to peer 0x7fffc348ec20 (13 bytes)
1707026971.066768 sending message 112 to peer 0x7fffc348ec20 (13 bytes)
1707026971.066777 sending message 112 to peer 0x7fffc348ec20 (13 bytes)
1707026971.066785 sending message 112 to peer 0x7fffc348ec20 (10 bytes)
1707026971.066821 sending message 112 to peer 0x7fffc348ec20 (11 bytes)
1707026971.066830 sending message 112 to peer 0x7fffc348ec20 (12 bytes)
1707026971.066839 sending message 112 to peer 0x7fffc348ec20 (12 bytes)
1707026971.066861 sending message 112 to peer 0x7fffc348ec20 (12 bytes)
1707026971.066934 sending message 112 to peer 0x7fffc348ec20 (12 bytes)
1707026971.066945 sending message 112 to peer 0x7fffc348ec20 (12 bytes)
1707026971.066953 sending message 112 to peer 0x7fffc348ec20 (11 bytes)
1707026971.066962 sending message 112 to peer 0x7fffc348ec20 (12 bytes)
1707026971.066970 sending message 112 to peer 0x7fffc348ec20 (12 bytes)
1707026971.066978 sending message 112 to peer 0x7fffc348ec20 (13 bytes)
1707026971.066987 sending message 112 to peer 0x7fffc348ec20 (13 bytes)
1707026971.066995 sending message 112 to peer 0x7fffc348ec20 (13 bytes)
1707026971.067003 sending message 112 to peer 0x7fffc348ec20 (13 bytes)
1707026971.067011 sending message 112 to peer 0x7fffc348ec20 (13 bytes)
1707026971.067020 sending message 112 to peer 0x7fffc348ec20 (10 bytes)
1707026971.067028 sending message 112 to peer 0x7fffc348ec20 (9 bytes)
1707026971.067036 sending message 112 to peer 0x7fffc348ec20 (12 bytes)
1707026971.067044 sending message 112 to peer 0x7fffc348ec20 (13 bytes)
1707026971.067053 sending message 112 to peer 0x7fffc348ec20 (13 bytes)
1707026971.067061 sending message 112 to peer 0x7fffc348ec20 (13 bytes)
1707026971.067071 sending message 112 to peer 0x7fffc348ec20 (13 bytes)
1707026971.067080 sending message 112 to peer 0x7fffc348ec20 (13 bytes)
1707026971.067088 sending message 112 to peer 0x7fffc348ec20 (9 bytes)
1707026971.067097 sending message 112 to peer 0x7fffc348ec20 (12 bytes)
1707026971.067105 sending message 112 to peer 0x7fffc348ec20 (13 bytes)
1707026971.067114 sending message 112 to peer 0x7fffc348ec20 (13 bytes)
1707026971.067123 sending message 112 to peer 0x7fffc348ec20 (13 bytes)
1707026971.067131 sending message 112 to peer 0x7fffc348ec20 (13 bytes)
1707026971.067139 sending message 112 to peer 0x7fffc348ec20 (13 bytes)
1707026971.067147 sending message 112 to peer 0x7fffc348ec20 (11 bytes)
1707026971.067156 sending message 112 to peer 0x7fffc348ec20 (12 bytes)
1707026971.067164 sending message 112 to peer 0x7fffc348ec20 (13 bytes)
1707026971.067172 sending message 112 to peer 0x7fffc348ec20 (13 bytes)
1707026971.067180 sending message 112 to peer 0x7fffc348ec20 (13 bytes)
1707026971.067193 sending message 112 to peer 0x7fffc348ec20 (13 bytes)
1707026971.067209 sending message 112 to peer 0x7fffc348ec20 (13 bytes)
1707026971.067241 sending message 112 to peer 0x7fffc348ec20 (11 bytes)
1707026971.067250 sending message 112 to peer 0x7fffc348ec20 (12 bytes)
1707026971.067258 sending message 112 to peer 0x7fffc348ec20 (12 bytes)
1707026971.067266 sending message 112 to peer 0x7fffc348ec20 (12 bytes)
1707026971.067275 sending message 112 to peer 0x7fffc348ec20 (12 bytes)
1707026971.067307 sending message 112 to peer 0x7fffc348ec20 (12 bytes)
1707026971.067315 sending message 112 to peer 0x7fffc348ec20 (21 bytes)
1707026971.067323 sending message 112 to peer 0x7fffc348ec20 (12 bytes)
1707026971.067332 sending message 112 to peer 0x7fffc348ec20 (9 bytes)
1707026971.067340 sending message 112 to peer 0x7fffc348ec20 (6 bytes)
1707026971.067348 sending message 112 to peer 0x7fffc348ec20 (13 bytes)
1707026971.067356 sending message 112 to peer 0x7fffc348ec20 (10 bytes)
1707026971.067364 sending message 112 to peer 0x7fffc348ec20 (24 bytes)
1707026971.067372 sending message 112 to peer 0x7fffc348ec20 (13 bytes)
1707026971.067380 sending message 112 to peer 0x7fffc348ec20 (9 bytes)
1707026971.067393 sending message 112 to peer 0x7fffc348ec20 (70 bytes)
1707026971.067402 sending message 112 to peer 0x7fffc348ec20 (69 bytes)
1707026971.067410 sending message 112 to peer 0x7fffc348ec20 (12 bytes)
1707026971.067418 sending message 112 to peer 0x7fffc348ec20 (10 bytes)
1707026971.067426 sending message 112 to peer 0x7fffc348ec20 (10 bytes)
1707026971.067434 sending message 112 to peer 0x7fffc348ec20 (24 bytes)
1707026971.067443 sending message 112 to peer 0x7fffc348ec20 (13 bytes)
1707026971.067451 sending message 112 to peer 0x7fffc348ec20 (10 bytes)
1707026971.067459 sending message 112 to peer 0x7fffc348ec20 (10 bytes)
1707026971.067467 sending message 112 to peer 0x7fffc348ec20 (10 bytes)
1707026971.067475 sending message 112 to peer 0x7fffc348ec20 (13 bytes)
1707026971.067483 sending message 112 to peer 0x7fffc348ec20 (15 bytes)
1707026971.067491 sending message 112 to peer 0x7fffc348ec20 (5 bytes)
1707026971.067502 sending message 104 to peer 0x7fffc348ec20 (0 bytes)
1707026971.067512 sending message 110 to peer 0x7fffc348ec20 (0 bytes)
1707026971.067521 sending message 107 to peer 0x7fffc348ec20 (4 bytes)
1707026971.067534 sending message 105 to peer 0x7fffc348ec20 (16 bytes)
1707026971.067542 sending message 105 to peer 0x7fffc348ec20 (29 bytes)
1707026971.067551 sending message 105 to peer 0x7fffc348ec20 (48 bytes)
1707026971.067559 sending message 105 to peer 0x7fffc348ec20 (21 bytes)
1707026971.067567 sending message 105 to peer 0x7fffc348ec20 (49 bytes)
1707026971.067575 sending message 105 to peer 0x7fffc348ec20 (15 bytes)
1707026971.067583 sending message 105 to peer 0x7fffc348ec20 (23 bytes)
1707026971.067591 sending message 105 to peer 0x7fffc348ec20 (18 bytes)
1707026971.067600 sending message 105 to peer 0x7fffc348ec20 (13 bytes)
1707026971.067608 sending message 105 to peer 0x7fffc348ec20 (1528 bytes)
1707026971.067656 sending message 105 to peer 0x7fffc348ec20 (34 bytes)
1707026971.067667 sending message 105 to peer 0x7fffc348ec20 (20 bytes)
1707026971.067676 sending message 105 to peer 0x7fffc348ec20 (32 bytes)
1707026971.067684 sending message 105 to peer 0x7fffc348ec20 (12 bytes)
1707026971.067692 sending message 105 to peer 0x7fffc348ec20 (8 bytes)
1707026971.067701 sending message 105 to peer 0x7fffc348ec20 (33 bytes)
1707026971.067709 sending message 105 to peer 0x7fffc348ec20 (65 bytes)
1707026971.067718 sending message 105 to peer 0x7fffc348ec20 (1461 bytes)
1707026971.067727 sending message 105 to peer 0x7fffc348ec20 (16 bytes)
1707026971.067735 sending message 105 to peer 0x7fffc348ec20 (53 bytes)
1707026971.067743 sending message 105 to peer 0x7fffc348ec20 (20 bytes)
1707026971.067752 sending message 105 to peer 0x7fffc348ec20 (16 bytes)
1707026971.067760 sending message 106 to peer 0x7fffc348ec20 (0 bytes)
1707026971.067775 sending message 200 to peer 0x7fffc348ec20 (4 bytes)
1707026971.067784 client loop enter
1707026971.067995 client_signal: Child exited
1707026971.251242 peer 0x7fffc348ec20 message 207
1707026971.251266 sending message 208 to peer 0x7fffc348ec20 (0 bytes)
1707026976.779278 peer 0x7fffc348ec20 message 203
1707026976.779298 sending message 205 to peer 0x7fffc348ec20 (0 bytes)
1707026976.781775 peer 0x7fffc348ec20 message 204
1707026976.781791 client loop exit
